running egg_info
writing ../../build/time_publisher/time_publisher.egg-info/PKG-INFO
writing dependency_links to ../../build/time_publisher/time_publisher.egg-info/dependency_links.txt
writing entry points to ../../build/time_publisher/time_publisher.egg-info/entry_points.txt
writing requirements to ../../build/time_publisher/time_publisher.egg-info/requires.txt
writing top-level names to ../../build/time_publisher/time_publisher.egg-info/top_level.txt
reading manifest file '../../build/time_publisher/time_publisher.egg-info/SOURCES.txt'
writing manifest file '../../build/time_publisher/time_publisher.egg-info/SOURCES.txt'
running build
running build_py
copying time_publisher/time_publisher.py -> /home/bun/ros2_times_ws/build/time_publisher/build/lib/time_publisher
running install
running install_lib
copying /home/bun/ros2_times_ws/build/time_publisher/build/lib/time_publisher/time_publisher.py -> /home/bun/ros2_times_ws/install/time_publisher/lib/python3.8/site-packages/time_publisher
byte-compiling /home/bun/ros2_times_ws/install/time_publisher/lib/python3.8/site-packages/time_publisher/time_publisher.py to time_publisher.cpython-38.pyc
running install_data
running install_egg_info
removing '/home/bun/ros2_times_ws/install/time_publisher/lib/python3.8/site-packages/time_publisher-0.0.1-py3.8.egg-info' (and everything under it)
Copying ../../build/time_publisher/time_publisher.egg-info to /home/bun/ros2_times_ws/install/time_publisher/lib/python3.8/site-packages/time_publisher-0.0.1-py3.8.egg-info
running install_scripts
Installing time_publisher script to /home/bun/ros2_times_ws/install/time_publisher/lib/time_publisher
writing list of installed files to '/home/bun/ros2_times_ws/build/time_publisher/install.log'
