[0.463s] Invoking command in '/home/bun/ros2_times_ws/src/time_publisher': PYTHONPATH=/home/bun/ros2_times_ws/build/time_publisher/prefix_override:/usr/lib/python3/dist-packages/colcon_core/task/python/colcon_distutils_commands:/home/bun/ros2_times_ws/install/time_publisher/lib/python3.8/site-packages:${PYTHONPATH} /usr/bin/python3 -W ignore:setup.py install is deprecated -W ignore:easy_install command is deprecated setup.py egg_info --egg-base ../../build/time_publisher build --build-base /home/bun/ros2_times_ws/build/time_publisher/build install --record /home/bun/ros2_times_ws/build/time_publisher/install.log --install-scripts $base/lib/time_publisher --single-version-externally-managed install_data
[0.589s] running egg_info
[0.590s] writing ../../build/time_publisher/time_publisher.egg-info/PKG-INFO
[0.590s] writing dependency_links to ../../build/time_publisher/time_publisher.egg-info/dependency_links.txt
[0.590s] writing entry points to ../../build/time_publisher/time_publisher.egg-info/entry_points.txt
[0.590s] writing requirements to ../../build/time_publisher/time_publisher.egg-info/requires.txt
[0.590s] writing top-level names to ../../build/time_publisher/time_publisher.egg-info/top_level.txt
[0.615s] reading manifest file '../../build/time_publisher/time_publisher.egg-info/SOURCES.txt'
[0.616s] writing manifest file '../../build/time_publisher/time_publisher.egg-info/SOURCES.txt'
[0.616s] running build
[0.616s] running build_py
[0.616s] copying time_publisher/time_publisher.py -> /home/bun/ros2_times_ws/build/time_publisher/build/lib/time_publisher
[0.617s] running install
[0.617s] running install_lib
[0.618s] copying /home/bun/ros2_times_ws/build/time_publisher/build/lib/time_publisher/time_publisher.py -> /home/bun/ros2_times_ws/install/time_publisher/lib/python3.8/site-packages/time_publisher
[0.618s] byte-compiling /home/bun/ros2_times_ws/install/time_publisher/lib/python3.8/site-packages/time_publisher/time_publisher.py to time_publisher.cpython-38.pyc
[0.619s] running install_data
[0.620s] running install_egg_info
[0.621s] removing '/home/bun/ros2_times_ws/install/time_publisher/lib/python3.8/site-packages/time_publisher-0.0.1-py3.8.egg-info' (and everything under it)
[0.621s] Copying ../../build/time_publisher/time_publisher.egg-info to /home/bun/ros2_times_ws/install/time_publisher/lib/python3.8/site-packages/time_publisher-0.0.1-py3.8.egg-info
[0.622s] running install_scripts
[0.633s] Installing time_publisher script to /home/bun/ros2_times_ws/install/time_publisher/lib/time_publisher
[0.633s] writing list of installed files to '/home/bun/ros2_times_ws/build/time_publisher/install.log'
[0.647s] Invoked command in '/home/bun/ros2_times_ws/src/time_publisher' returned '0': PYTHONPATH=/home/bun/ros2_times_ws/build/time_publisher/prefix_override:/usr/lib/python3/dist-packages/colcon_core/task/python/colcon_distutils_commands:/home/bun/ros2_times_ws/install/time_publisher/lib/python3.8/site-packages:${PYTHONPATH} /usr/bin/python3 -W ignore:setup.py install is deprecated -W ignore:easy_install command is deprecated setup.py egg_info --egg-base ../../build/time_publisher build --build-base /home/bun/ros2_times_ws/build/time_publisher/build install --record /home/bun/ros2_times_ws/build/time_publisher/install.log --install-scripts $base/lib/time_publisher --single-version-externally-managed install_data
