running egg_info
creating ../../build/time_publisher/time_publisher.egg-info
writing ../../build/time_publisher/time_publisher.egg-info/PKG-INFO
writing dependency_links to ../../build/time_publisher/time_publisher.egg-info/dependency_links.txt
writing entry points to ../../build/time_publisher/time_publisher.egg-info/entry_points.txt
writing requirements to ../../build/time_publisher/time_publisher.egg-info/requires.txt
writing top-level names to ../../build/time_publisher/time_publisher.egg-info/top_level.txt
writing manifest file '../../build/time_publisher/time_publisher.egg-info/SOURCES.txt'
reading manifest file '../../build/time_publisher/time_publisher.egg-info/SOURCES.txt'
writing manifest file '../../build/time_publisher/time_publisher.egg-info/SOURCES.txt'
running build
running build_py
creating /home/bun/ros2_times_ws/build/time_publisher/build
creating /home/bun/ros2_times_ws/build/time_publisher/build/lib
creating /home/bun/ros2_times_ws/build/time_publisher/build/lib/time_publisher
copying time_publisher/__init__.py -> /home/bun/ros2_times_ws/build/time_publisher/build/lib/time_publisher
copying time_publisher/time.py -> /home/bun/ros2_times_ws/build/time_publisher/build/lib/time_publisher
running install
running install_lib
creating /home/bun/ros2_times_ws/install/time_publisher/lib/python3.8/site-packages/time_publisher
copying /home/bun/ros2_times_ws/build/time_publisher/build/lib/time_publisher/__init__.py -> /home/bun/ros2_times_ws/install/time_publisher/lib/python3.8/site-packages/time_publisher
copying /home/bun/ros2_times_ws/build/time_publisher/build/lib/time_publisher/time.py -> /home/bun/ros2_times_ws/install/time_publisher/lib/python3.8/site-packages/time_publisher
byte-compiling /home/bun/ros2_times_ws/install/time_publisher/lib/python3.8/site-packages/time_publisher/__init__.py to __init__.cpython-38.pyc
byte-compiling /home/bun/ros2_times_ws/install/time_publisher/lib/python3.8/site-packages/time_publisher/time.py to time.cpython-38.pyc
running install_data
creating /home/bun/ros2_times_ws/install/time_publisher/share/ament_index
creating /home/bun/ros2_times_ws/install/time_publisher/share/ament_index/resource_index
creating /home/bun/ros2_times_ws/install/time_publisher/share/ament_index/resource_index/packages
copying resource/time_publisher -> /home/bun/ros2_times_ws/install/time_publisher/share/ament_index/resource_index/packages
copying package.xml -> /home/bun/ros2_times_ws/install/time_publisher/share/time_publisher
running install_egg_info
Copying ../../build/time_publisher/time_publisher.egg-info to /home/bun/ros2_times_ws/install/time_publisher/lib/python3.8/site-packages/time_publisher-0.0.1-py3.8.egg-info
running install_scripts
Installing time_publisher script to /home/bun/ros2_times_ws/install/time_publisher/lib/time_publisher
writing list of installed files to '/home/bun/ros2_times_ws/build/time_publisher/install.log'
